post.php : 2020-06-25 11:22:13 : $arr=Array
(
    [api-key] => 09855ee905ca1eeb516efb42b447c9ec
    [secret-key] => 9af67173d109788fa59e415af69e9c19
)

post.php : 2020-06-25 11:22:13 : usa token de cliente en archivo sispo_token_09855ee905ca1eeb516efb42b447c9ec.txt
post.php : 2020-06-25 11:22:13 : Array
(
    [api-key] => 09855ee905ca1eeb516efb42b447c9ec
    [secret-key] => 9af67173d109788fa59e415af69e9c19
)

post.php : 2020-06-25 14:31:58 : $arr=Array
(
    [api-key] => 09855ee905ca1eeb516efb42b447c9ec
    [secret-key] => 9af67173d109788fa59e415af69e9c19
)

post.php : 2020-06-25 14:31:59 : usa token de cliente en archivo sispo_token_09855ee905ca1eeb516efb42b447c9ec.txt
post.php : 2020-06-25 14:31:59 : Array
(
    [api-key] => 09855ee905ca1eeb516efb42b447c9ec
    [secret-key] => 9af67173d109788fa59e415af69e9c19
)

post.php : 2020-06-25 14:58:09 : $arr=Array
(
    [api-key] => 09855ee905ca1eeb516efb42b447c9ec
    [secret-key] => 9af67173d109788fa59e415af69e9c19
)

post.php : 2020-06-25 14:58:09 : usa token de cliente en archivo sispo_token_09855ee905ca1eeb516efb42b447c9ec.txt
post.php : 2020-06-25 14:58:09 : Array
(
    [api-key] => 09855ee905ca1eeb516efb42b447c9ec
    [secret-key] => 9af67173d109788fa59e415af69e9c19
)

post.php : 2020-06-25 15:00:56 : $arr=Array
(
    [api-key] => 09855ee905ca1eeb516efb42b447c9ec
    [secret-key] => 9af67173d109788fa59e415af69e9c19
)

post.php : 2020-06-25 15:00:56 : usa token de cliente en archivo sispo_token_09855ee905ca1eeb516efb42b447c9ec.txt
post.php : 2020-06-25 15:00:56 : Array
(
    [api-key] => 09855ee905ca1eeb516efb42b447c9ec
    [secret-key] => 9af67173d109788fa59e415af69e9c19
)

post.php : 2020-06-25 15:09:26 : $arr=Array
(
    [api-key] => 09855ee905ca1eeb516efb42b447c9ec
    [secret-key] => 9af67173d109788fa59e415af69e9c19
)

post.php : 2020-06-25 15:09:26 : usa token de cliente en archivo sispo_token_09855ee905ca1eeb516efb42b447c9ec.txt
post.php : 2020-06-25 15:09:26 : Array
(
    [api-key] => 09855ee905ca1eeb516efb42b447c9ec
    [secret-key] => 9af67173d109788fa59e415af69e9c19
)

post.php : 2020-06-25 15:15:06 : $arr=Array
(
    [api-key] => 09855ee905ca1eeb516efb42b447c9ec
    [secret-key] => 9af67173d109788fa59e415af69e9c19
)

post.php : 2020-06-25 15:15:06 : usa token de cliente en archivo sispo_token_09855ee905ca1eeb516efb42b447c9ec.txt
post.php : 2020-06-25 15:15:06 : Array
(
    [api-key] => 09855ee905ca1eeb516efb42b447c9ec
    [secret-key] => 9af67173d109788fa59e415af69e9c19
)

post.php : 2020-06-25 15:20:45 : $arr=Array
(
    [api-key] => 09855ee905ca1eeb516efb42b447c9ec
    [secret-key] => 9af67173d109788fa59e415af69e9c19
)

post.php : 2020-06-25 15:20:45 : usa token de cliente en archivo sispo_token_09855ee905ca1eeb516efb42b447c9ec.txt
post.php : 2020-06-25 15:20:45 : Array
(
    [api-key] => 09855ee905ca1eeb516efb42b447c9ec
    [secret-key] => 9af67173d109788fa59e415af69e9c19
)

post.php : 2020-06-25 15:21:57 : $arr=Array
(
    [api-key] => 09855ee905ca1eeb516efb42b447c9ec
    [secret-key] => 9af67173d109788fa59e415af69e9c19
)

post.php : 2020-06-25 15:21:57 : usa token de cliente en archivo sispo_token_09855ee905ca1eeb516efb42b447c9ec.txt
post.php : 2020-06-25 15:21:57 : Array
(
    [api-key] => 09855ee905ca1eeb516efb42b447c9ec
    [secret-key] => 9af67173d109788fa59e415af69e9c19
)

post.php : 2020-06-25 15:25:38 : $arr=Array
(
    [api-key] => 09855ee905ca1eeb516efb42b447c9ec
    [secret-key] => 9af67173d109788fa59e415af69e9c19
)

post.php : 2020-06-25 15:25:38 : usa token de cliente en archivo sispo_token_09855ee905ca1eeb516efb42b447c9ec.txt
post.php : 2020-06-25 15:25:38 : Array
(
    [api-key] => 09855ee905ca1eeb516efb42b447c9ec
    [secret-key] => 9af67173d109788fa59e415af69e9c19
)

